2020-01-24 20:30:14 0 [Note] InnoDB: Mutexes and rw_locks use Windows interlocked functions
2020-01-24 20:30:14 0 [Note] InnoDB: Uses event mutexes
2020-01-24 20:30:14 0 [Note] InnoDB: Compressed tables use zlib 1.2.11
2020-01-24 20:30:14 0 [Note] InnoDB: Number of pools: 1
2020-01-24 20:30:14 0 [Note] InnoDB: Using SSE2 crc32 instructions
2020-01-24 20:30:14 0 [Note] InnoDB: Initializing buffer pool, total size = 128M, instances = 1, chunk size = 128M
2020-01-24 20:30:14 0 [Note] InnoDB: Completed initialization of buffer pool
2020-01-24 20:30:14 0 [Note] InnoDB: 128 out of 128 rollback segments are active.
2020-01-24 20:30:14 0 [Note] InnoDB: Creating shared tablespace for temporary tables
2020-01-24 20:30:14 0 [Note] InnoDB: Setting file '.\ibtmp1' size to 12 MB. Physically writing the file full; Please wait ...
2020-01-24 20:30:14 0 [Note] InnoDB: File '.\ibtmp1' size is now 12 MB.
2020-01-24 20:30:14 0 [Note] InnoDB: Waiting for purge to start
2020-01-24 20:30:14 0 [Note] InnoDB: 10.3.14 started; log sequence number 1631253; transaction id 21
2020-01-24 20:30:14 0 [Note] InnoDB: Loading buffer pool(s) from C:\xamppv7.2\htdocs\bitbo_installer\www\mysql\data\ib_buffer_pool
2020-01-24 20:30:15 0 [Note] Plugin 'FEEDBACK' is disabled.
2020-01-24 20:30:15 0 [Note] InnoDB: Buffer pool(s) load completed at 200124 20:30:15
2020-01-24 20:30:15 0 [Note] Server socket created on IP: '::'.
2020-01-24 20:31:39 0 [Note] InnoDB: Mutexes and rw_locks use Windows interlocked functions
2020-01-24 20:31:39 0 [Note] InnoDB: Uses event mutexes
2020-01-24 20:31:39 0 [Note] InnoDB: Compressed tables use zlib 1.2.11
2020-01-24 20:31:39 0 [Note] InnoDB: Number of pools: 1
2020-01-24 20:31:39 0 [Note] InnoDB: Using SSE2 crc32 instructions
2020-01-24 20:31:39 0 [Note] InnoDB: Initializing buffer pool, total size = 128M, instances = 1, chunk size = 128M
2020-01-24 20:31:39 0 [Note] InnoDB: Completed initialization of buffer pool
2020-01-24 20:31:39 0 [Note] InnoDB: 128 out of 128 rollback segments are active.
2020-01-24 20:31:39 0 [Note] InnoDB: Creating shared tablespace for temporary tables
2020-01-24 20:31:39 0 [Note] InnoDB: Setting file '.\ibtmp1' size to 12 MB. Physically writing the file full; Please wait ...
2020-01-24 20:31:39 0 [Note] InnoDB: File '.\ibtmp1' size is now 12 MB.
2020-01-24 20:31:39 0 [Note] InnoDB: Waiting for purge to start
2020-01-24 20:31:39 0 [Note] InnoDB: 10.3.14 started; log sequence number 1631262; transaction id 21
2020-01-24 20:31:39 0 [Note] InnoDB: Loading buffer pool(s) from C:\xamppv7.2\htdocs\bitbo_installer\www\mysql\data\ib_buffer_pool
2020-01-24 20:31:39 0 [Note] Plugin 'FEEDBACK' is disabled.
2020-01-24 20:31:39 0 [Note] InnoDB: Buffer pool(s) load completed at 200124 20:31:39
2020-01-24 20:31:39 0 [Note] Server socket created on IP: '::'.
